2025-09-10 15:22:25,269 - DatabaseManager - INFO - 数据库表结构初始化完成
2025-09-10 15:22:30,173 - ReportTab - INFO - 已生成2025年09月的月度报告
2025-09-10 15:22:30,305 - MainWindow - INFO - 用户 admin 成功登录系统
2025-09-10 15:22:30,352 - DatabaseExtension - INFO - ✅ 核算模块数据库表创建/验证成功
2025-09-10 15:22:30,359 - IncomeTab - INFO - 收入核算标签页加载成功
2025-09-10 15:22:30,365 - VATTab - INFO - 增值税管理标签页加载成功
2025-09-10 15:23:03,463 - IncomeTab - ERROR - 查询收入失败：'_tkinter.tkapp' object has no attribute 'contracts'
2025-09-10 15:23:10,295 - VATTab - ERROR - 查询增值税记录失败：'_tkinter.tkapp' object has no attribute 'db'
2025-09-10 15:23:27,894 - ReportTab - INFO - 已生成2025年09月的月度报告
2025-09-10 15:23:32,078 - ReportTab - INFO - 已生成2025年09月的月度报告
2025-09-10 15:23:33,894 - ReportTab - INFO - 已生成2025年09月的月度报告
2025-09-10 15:23:35,319 - ReportTab - INFO - 已生成2025年09月的月度报告
2025-09-10 15:23:56,099 - MainWindow - INFO - 用户 admin 退出系统
2025-09-10 16:00:00,795 - DatabaseManager - INFO - 数据库表结构初始化完成
2025-09-10 16:00:04,298 - DatabaseManager - INFO - 数据库表结构初始化完成
2025-09-10 16:00:11,744 - ReportTab - INFO - 已生成2025年09月的月度报告
2025-09-10 16:00:12,077 - MainWindow - INFO - 用户 admin 成功登录系统
2025-09-10 16:00:15,846 - MainWindow - INFO - 用户 admin 退出系统
2025-09-10 16:00:22,267 - DatabaseManager - INFO - 数据库表结构初始化完成
2025-09-10 16:00:26,594 - ReportTab - INFO - 已生成2025年09月的月度报告
2025-09-10 16:00:26,715 - MainWindow - INFO - 用户 admin 成功登录系统
2025-09-10 16:00:27,949 - DatabaseExtension - INFO - ✅ 核算模块数据库表创建/验证成功
2025-09-10 16:00:27,960 - IncomeTab - INFO - 收入核算标签页加载成功
2025-09-10 16:00:27,977 - VATTab - INFO - 增值税管理标签页加载成功
2025-09-10 16:00:51,706 - IncomeTab - ERROR - 查询收入失败：'DatabaseManager' object has no attribute 'query'
2025-09-10 16:00:57,635 - VATTab - ERROR - 查询增值税记录失败：'DatabaseManager' object has no attribute 'query'
2025-09-10 16:01:01,107 - MainWindow - INFO - 用户 admin 退出系统
